<?xml version="1.0" encoding="UTF-8"?>
<!-- Generated by org.testng.reporters.JUnitXMLReporter -->
<testsuite ignored="0" hostname="LTIN518652" failures="0" tests="4" name="edgeTest" time="238.624" errors="0" timestamp="2024-06-10T14:34:19 IST">
  <testcase classname="testCases.TC_001_userInfoTest" name="navigateBeCognizantPage" time="0.014"/>
  <testcase classname="testCases.TC_001_userInfoTest" name="verifyUserInfo" time="19.406"/>
  <testcase classname="testCases.TC_002_NewsPageTest" name="verifynewsDisplayed" time="0.409"/>
  <testcase classname="testCases.TC_002_NewsPageTest" name="getNewsPageDetails" time="198.413"/>
</testsuite> <!-- edgeTest -->
