<?xml version="1.0" encoding="UTF-8"?>
<testng-results ignored="0" total="8" passed="8" failed="0" skipped="0">
  <reporter-output>
  </reporter-output>
  <suite started-at="2024-06-10T14:26:18 IST" name="Suite" finished-at="2024-06-10T14:34:19 IST" duration-ms="480739">
    <groups>
    </groups>
    <test started-at="2024-06-10T14:26:18 IST" name="chromeTest" finished-at="2024-06-10T14:30:19 IST" duration-ms="241168">
      <class name="testCases.TC_002_NewsPageTest">
        <test-method is-config="true" signature="setUp(java.lang.String)[pri:0, instance:testCases.TC_002_NewsPageTest@6c67e137]" started-at="2024-06-10T14:26:18 IST" name="setUp" finished-at="2024-06-10T14:26:29 IST" duration-ms="11049" status="PASS">
          <params>
            <param index="0">
              <value>
                <![CDATA[chrome]]>
              </value>
            </param>
          </params>
          <reporter-output>
          </reporter-output>
        </test-method> <!-- setUp -->
        <test-method signature="navigateBeCognizantPage()[pri:0, instance:testCases.TC_002_NewsPageTest@6c67e137]" started-at="2024-06-10T14:26:29 IST" name="navigateBeCognizantPage" finished-at="2024-06-10T14:26:29 IST" duration-ms="68" status="PASS">
          <reporter-output>
          </reporter-output>
        </test-method> <!-- navigateBeCognizantPage -->
        <test-method signature="verifyUserInfo()[pri:1, instance:testCases.TC_002_NewsPageTest@6c67e137]" started-at="2024-06-10T14:26:30 IST" name="verifyUserInfo" finished-at="2024-06-10T14:26:49 IST" duration-ms="19503" status="PASS">
          <reporter-output>
          </reporter-output>
        </test-method> <!-- verifyUserInfo -->
        <test-method signature="verifynewsDisplayed()[pri:2, instance:testCases.TC_002_NewsPageTest@6c67e137]" started-at="2024-06-10T14:26:50 IST" name="verifynewsDisplayed" finished-at="2024-06-10T14:26:50 IST" duration-ms="447" status="PASS">
          <reporter-output>
          </reporter-output>
        </test-method> <!-- verifynewsDisplayed -->
        <test-method signature="getNewsPageDetails()[pri:3, instance:testCases.TC_002_NewsPageTest@6c67e137]" started-at="2024-06-10T14:26:50 IST" name="getNewsPageDetails" finished-at="2024-06-10T14:30:08 IST" duration-ms="197328" status="PASS">
          <reporter-output>
          </reporter-output>
        </test-method> <!-- getNewsPageDetails -->
        <test-method is-config="true" signature="tearDown()[pri:0, instance:testCases.TC_002_NewsPageTest@6c67e137]" started-at="2024-06-10T14:30:08 IST" name="tearDown" finished-at="2024-06-10T14:30:19 IST" duration-ms="11238" status="PASS">
          <reporter-output>
          </reporter-output>
        </test-method> <!-- tearDown -->
      </class> <!-- testCases.TC_002_NewsPageTest -->
    </test> <!-- chromeTest -->
    <test started-at="2024-06-10T14:30:20 IST" name="edgeTest" finished-at="2024-06-10T14:34:19 IST" duration-ms="238624">
      <class name="testCases.TC_002_NewsPageTest">
        <test-method is-config="true" signature="setUp(java.lang.String)[pri:0, instance:testCases.TC_002_NewsPageTest@4fcee388]" started-at="2024-06-10T14:30:20 IST" name="setUp" finished-at="2024-06-10T14:30:28 IST" duration-ms="8008" status="PASS">
          <params>
            <param index="0">
              <value>
                <![CDATA[edge]]>
              </value>
            </param>
          </params>
          <reporter-output>
          </reporter-output>
        </test-method> <!-- setUp -->
        <test-method signature="navigateBeCognizantPage()[pri:0, instance:testCases.TC_002_NewsPageTest@4fcee388]" started-at="2024-06-10T14:30:28 IST" name="navigateBeCognizantPage" finished-at="2024-06-10T14:30:28 IST" duration-ms="14" status="PASS">
          <reporter-output>
          </reporter-output>
        </test-method> <!-- navigateBeCognizantPage -->
        <test-method signature="verifyUserInfo()[pri:1, instance:testCases.TC_002_NewsPageTest@4fcee388]" started-at="2024-06-10T14:30:28 IST" name="verifyUserInfo" finished-at="2024-06-10T14:30:48 IST" duration-ms="19406" status="PASS">
          <reporter-output>
          </reporter-output>
        </test-method> <!-- verifyUserInfo -->
        <test-method signature="verifynewsDisplayed()[pri:2, instance:testCases.TC_002_NewsPageTest@4fcee388]" started-at="2024-06-10T14:30:48 IST" name="verifynewsDisplayed" finished-at="2024-06-10T14:30:49 IST" duration-ms="409" status="PASS">
          <reporter-output>
          </reporter-output>
        </test-method> <!-- verifynewsDisplayed -->
        <test-method signature="getNewsPageDetails()[pri:3, instance:testCases.TC_002_NewsPageTest@4fcee388]" started-at="2024-06-10T14:30:49 IST" name="getNewsPageDetails" finished-at="2024-06-10T14:34:07 IST" duration-ms="198413" status="PASS">
          <reporter-output>
          </reporter-output>
        </test-method> <!-- getNewsPageDetails -->
        <test-method is-config="true" signature="tearDown()[pri:0, instance:testCases.TC_002_NewsPageTest@4fcee388]" started-at="2024-06-10T14:34:08 IST" name="tearDown" finished-at="2024-06-10T14:34:19 IST" duration-ms="11230" status="PASS">
          <reporter-output>
          </reporter-output>
        </test-method> <!-- tearDown -->
      </class> <!-- testCases.TC_002_NewsPageTest -->
    </test> <!-- edgeTest -->
  </suite> <!-- Suite -->
</testng-results>
